Unity Editor version:    2020.3.30f1 (1fb1bf06830e)
Branch:                  2020.3/staging
Build type:              Release
Batch mode:              YES
macOS version:           Version 12.2.1 (Build 21D62)
Darwin version:          21.3.0
Architecture:            x86_64
Running under Rosetta:   NO
Available memory:        8192 MB
Using pre-set license
Pro License: NO

COMMAND LINE ARGUMENTS:
/Users/misiakow/Documents/Unity/2020.3.30f1/Unity.app/Contents/MacOS/Unity
-adb2
-batchMode
-noUpm
-name
AssetImportWorker0
-projectPath
/Users/misiakow/Documents/Unity/GameLerning/GameLerning
-logFile
Logs/AssetImportWorker0.log
-srvPort
63420
Successfully changed project path to: /Users/misiakow/Documents/Unity/GameLerning/GameLerning
/Users/misiakow/Documents/Unity/GameLerning/GameLerning
Using Asset Import Pipeline V2.
Refreshing native plugins compatible for Editor in 84.23 ms, found 2 plugins.
Preloading 0 native plugins for Editor in 0.00 ms.
Initialize engine version: 2020.3.30f1 (1fb1bf06830e)
[Subsystems] Discovering subsystems at path /Users/misiakow/Documents/Unity/2020.3.30f1/Unity.app/Contents/Resources/UnitySubsystems
[Subsystems] Discovering subsystems at path /Users/misiakow/Documents/Unity/GameLerning/GameLerning/Assets
GfxDevice: creating device client; threaded=0
2022-03-25 09:52:13.176 Unity[35739:1059140] Color LCD preferred device: Intel(R) Iris(TM) Graphics 6000 (low power)
2022-03-25 09:52:13.176 Unity[35739:1059140] Metal devices available: 1
2022-03-25 09:52:13.176 Unity[35739:1059140] 0: Intel(R) Iris(TM) Graphics 6000 (low power)
2022-03-25 09:52:13.176 Unity[35739:1059140] Using device Intel(R) Iris(TM) Graphics 6000 (low power)
Initializing Metal device caps: Intel(R) Iris(TM) Graphics 6000
Initialize mono
Mono path[0] = '/Users/misiakow/Documents/Unity/2020.3.30f1/Unity.app/Contents/Managed'
Mono path[1] = '/Users/misiakow/Documents/Unity/2020.3.30f1/Unity.app/Contents/MonoBleedingEdge/lib/mono/unityjit'
Mono config path = '/Users/misiakow/Documents/Unity/2020.3.30f1/Unity.app/Contents/MonoBleedingEdge/etc'
Using monoOptions --debugger-agent=transport=dt_socket,embedding=1,server=y,suspend=n,address=127.0.0.1:56739
Begin MonoManager ReloadAssembly
Registering precompiled unity dll's ...
Register platform support module: /Users/misiakow/Documents/Unity/2020.3.30f1/PlaybackEngines/WebGLSupport/UnityEditor.WebGL.Extensions.dll
Register platform support module: /Users/misiakow/Documents/Unity/2020.3.30f1/Unity.app/Contents/PlaybackEngines/MacStandaloneSupport/UnityEditor.OSXStandalone.Extensions.dll
Registered in 0.003492 seconds.
Native extension for OSXStandalone target not found
Native extension for WebGL target not found
Refreshing native plugins compatible for Editor in 57.35 ms, found 2 plugins.
Preloading 0 native plugins for Editor in 0.00 ms.
Mono: successfully reloaded assembly
- Completed reload, in  1.429 seconds
Domain Reload Profiling:
	ReloadAssembly (1429ms)
		BeginReloadAssembly (287ms)
			ExecutionOrderSort (0ms)
			DisableScriptedObjects (0ms)
			BackupInstance (0ms)
			ReleaseScriptingObjects (0ms)
			CreateAndSetChildDomain (1ms)
		EndReloadAssembly (997ms)
			LoadAssemblies (292ms)
			RebuildTransferFunctionScriptingTraits (0ms)
			SetupTypeCache (374ms)
			ReleaseScriptCaches (0ms)
			RebuildScriptCaches (69ms)
			SetupLoadedEditorAssemblies (379ms)
				LogAssemblyErrors (0ms)
				InitializePlatformSupportModulesInManaged (11ms)
				SetLoadedEditorAssemblies (0ms)
				RefreshPlugins (57ms)
				BeforeProcessingInitializeOnLoad (56ms)
				ProcessInitializeOnLoadAttributes (196ms)
				ProcessInitializeOnLoadMethodAttributes (58ms)
				AfterProcessingInitializeOnLoad (0ms)
				EditorAssembliesLoaded (1ms)
			ExecutionOrderSort2 (0ms)
			AwakeInstancesAfterBackupRestoration (0ms)
Platform modules already initialized, skipping
Registering precompiled user dll's ...
Registered in 0.009178 seconds.
Begin MonoManager ReloadAssembly
Native extension for OSXStandalone target not found
Native extension for WebGL target not found
Refreshing native plugins compatible for Editor in 0.38 ms, found 2 plugins.
Preloading 0 native plugins for Editor in 0.00 ms.
Mono: successfully reloaded assembly
- Completed reload, in  3.366 seconds
Domain Reload Profiling:
	ReloadAssembly (3369ms)
		BeginReloadAssembly (335ms)
			ExecutionOrderSort (0ms)
			DisableScriptedObjects (16ms)
			BackupInstance (0ms)
			ReleaseScriptingObjects (0ms)
			CreateAndSetChildDomain (43ms)
		EndReloadAssembly (2882ms)
			LoadAssemblies (362ms)
			RebuildTransferFunctionScriptingTraits (0ms)
			SetupTypeCache (1127ms)
			ReleaseScriptCaches (1ms)
			RebuildScriptCaches (137ms)
			SetupLoadedEditorAssemblies (1000ms)
				LogAssemblyErrors (0ms)
				InitializePlatformSupportModulesInManaged (9ms)
				SetLoadedEditorAssemblies (1ms)
				RefreshPlugins (0ms)
				BeforeProcessingInitializeOnLoad (181ms)
				ProcessInitializeOnLoadAttributes (774ms)
				ProcessInitializeOnLoadMethodAttributes (30ms)
				AfterProcessingInitializeOnLoad (4ms)
				EditorAssembliesLoaded (1ms)
			ExecutionOrderSort2 (0ms)
			AwakeInstancesAfterBackupRestoration (17ms)
Platform modules already initialized, skipping
Validating Project structure ... 0.004104 seconds.
Shader import version has changed; will reimport all shaders...
Upgrading shader files ...0.003379 seconds.
Application.AssetDatabase Initial Script Refresh Start
RefreshInfo: InitialScriptRefreshV2(NoUpdateAssetOptions) scanfilter:  ... 1 filters
RefreshProfiler: Total: 0.000ms
Application.AssetDatabase Initial Script Refresh End
Application.AssetDatabase.Refresh Start
Application.AssetDatabase.Refresh End
RefreshInfo: StopAssetImportingV2(ForceSynchronousImport) scanfilter: 
RefreshProfiler: Total: 0.000ms
Launching external process: /Users/misiakow/Documents/Unity/2020.3.30f1/Unity.app/Contents/Tools/UnityShaderCompiler
Launched and connected shader compiler UnityShaderCompiler after 0.04 seconds
Initializing Unity extensions:
2022-03-25 09:52:21.340 Unity[35739:1059140] NSEventModifierFlagFunction specified to -setKeyEquivalentModifierMask: for item <NSMenuItem: 0x600002724540 Font Asset, ke='Command-F12'>, but is only supported for system-provided menu items; will not be used
2022-03-25 09:52:21.346 Unity[35739:1059140] NSEventModifierFlagFunction specified to -setKeyEquivalentModifierMask: for item <NSMenuItem: 0x6000027540e0 Font Asset, ke='Command-F12'>, but is only supported for system-provided menu items; will not be used
========================================================================
Worker process is ready to serve import requests
Refreshing native plugins compatible for Editor in 0.69 ms, found 2 plugins.
Preloading 0 native plugins for Editor in 0.00 ms.
Unloading 1553 Unused Serialized files (Serialized files now loaded: 0)
System memory in use before: 179.9 MB.
System memory in use after: 179.1 MB.

Unloading 90 unused Assets to reduce memory usage. Loaded Objects now: 2031.
Total: 10.883334 ms (FindLiveObjects: 0.693588 ms CreateObjectMapping: 0.425205 ms MarkObjects: 8.153978 ms  DeleteObjects: 1.608076 ms)

AssetImportParameters requested are different than current active one (requested -> active):
  custom:video-decoder-ogg-theora: a1e56fd34408186e4bbccfd4996cb3dc -> 
  custom:container-muxer-webm: aa71ff27fc2769a1b78a27578f13a17b -> 
  custom:container-demuxer-webm: 4f35f7cbe854078d1ac9338744f61a02 -> 
  custom:container-demuxer-ogg: 62fdf1f143b41e24485cea50d1cbac27 -> 
  custom:video-encoder-webm-vp8: eb34c28f22e8b96e1ab97ce403110664 -> 
  custom:framework-osx-AVFoundation: e770b220cccbd017edd2c1fefb359320 -> 
  custom:video-decoder-webm-vp8: 9c59270c3fd7afecdb556c50c9e8de78 -> 
  custom:audio-decoder-ogg-vorbis: bf7c407c2cedff20999df2af8eb42d56 -> 
  custom:audio-encoder-webm-vorbis: bf7c407c2cedff20999df2af8eb42d56 -> 
========================================================================
Received Import Request.
  path: Assets/Prefabs/AutoGun.prefab
  artifactKey: Guid(bf61fa9b93447408b9db350565f7bee8) Importer(815301076,1909f56bfc062723c751e8b465ee728b)
Start importing Assets/Prefabs/AutoGun.prefab using Guid(bf61fa9b93447408b9db350565f7bee8) Importer(815301076,1909f56bfc062723c751e8b465ee728b)  -> (artifact id: 'b512c562402d8d0f644eb3e9b2dfcb9a') in 0.757792 seconds 
========================================================================
Received Prepare
Registering precompiled user dll's ...
Registered in 0.010837 seconds.
Begin MonoManager ReloadAssembly
Native extension for OSXStandalone target not found
Native extension for WebGL target not found
Refreshing native plugins compatible for Editor in 0.73 ms, found 2 plugins.
Preloading 0 native plugins for Editor in 0.00 ms.
2022-03-25 09:54:26.230 Unity[35739:1059140] NSEventModifierFlagFunction specified to -setKeyEquivalentModifierMask: for item <NSMenuItem: 0x600002727100 Font Asset, ke='Command-F12'>, but is only supported for system-provided menu items; will not be used
Mono: successfully reloaded assembly
- Completed reload, in  2.589 seconds
Domain Reload Profiling:
	ReloadAssembly (2590ms)
		BeginReloadAssembly (314ms)
			ExecutionOrderSort (0ms)
			DisableScriptedObjects (11ms)
			BackupInstance (0ms)
			ReleaseScriptingObjects (0ms)
			CreateAndSetChildDomain (112ms)
		EndReloadAssembly (2135ms)
			LoadAssemblies (267ms)
			RebuildTransferFunctionScriptingTraits (0ms)
			SetupTypeCache (705ms)
			ReleaseScriptCaches (2ms)
			RebuildScriptCaches (222ms)
			SetupLoadedEditorAssemblies (708ms)
				LogAssemblyErrors (0ms)
				InitializePlatformSupportModulesInManaged (9ms)
				SetLoadedEditorAssemblies (1ms)
				RefreshPlugins (1ms)
				BeforeProcessingInitializeOnLoad (240ms)
				ProcessInitializeOnLoadAttributes (435ms)
				ProcessInitializeOnLoadMethodAttributes (19ms)
				AfterProcessingInitializeOnLoad (3ms)
				EditorAssembliesLoaded (1ms)
			ExecutionOrderSort2 (0ms)
			AwakeInstancesAfterBackupRestoration (15ms)
Platform modules already initialized, skipping
Refreshing native plugins compatible for Editor in 0.68 ms, found 2 plugins.
Preloading 0 native plugins for Editor in 0.00 ms.
Unloading 1546 Unused Serialized files (Serialized files now loaded: 0)
System memory in use before: 184.4 MB.
System memory in use after: 184.5 MB.

Unloading 12 unused Assets to reduce memory usage. Loaded Objects now: 2041.
Total: 4.613706 ms (FindLiveObjects: 0.153008 ms CreateObjectMapping: 0.058151 ms MarkObjects: 4.325242 ms  DeleteObjects: 0.075314 ms)

AssetImportParameters requested are different than current active one (requested -> active):
  custom:video-decoder-ogg-theora: a1e56fd34408186e4bbccfd4996cb3dc -> 
  custom:container-muxer-webm: aa71ff27fc2769a1b78a27578f13a17b -> 
  custom:container-demuxer-webm: 4f35f7cbe854078d1ac9338744f61a02 -> 
  custom:container-demuxer-ogg: 62fdf1f143b41e24485cea50d1cbac27 -> 
  custom:video-encoder-webm-vp8: eb34c28f22e8b96e1ab97ce403110664 -> 
  custom:framework-osx-AVFoundation: e770b220cccbd017edd2c1fefb359320 -> 
  custom:video-decoder-webm-vp8: 9c59270c3fd7afecdb556c50c9e8de78 -> 
  custom:audio-decoder-ogg-vorbis: bf7c407c2cedff20999df2af8eb42d56 -> 
  custom:audio-encoder-webm-vorbis: bf7c407c2cedff20999df2af8eb42d56 -> 
========================================================================
Received Prepare
Registering precompiled user dll's ...
Registered in 0.017429 seconds.
Begin MonoManager ReloadAssembly
Native extension for OSXStandalone target not found
Native extension for WebGL target not found
Refreshing native plugins compatible for Editor in 1.42 ms, found 2 plugins.
Preloading 0 native plugins for Editor in 0.00 ms.
2022-03-25 09:55:18.669 Unity[35739:1059140] NSEventModifierFlagFunction specified to -setKeyEquivalentModifierMask: for item <NSMenuItem: 0x60000270f790 Font Asset, ke='Command-F12'>, but is only supported for system-provided menu items; will not be used
Mono: successfully reloaded assembly
- Completed reload, in  4.623 seconds
Domain Reload Profiling:
	ReloadAssembly (4624ms)
		BeginReloadAssembly (447ms)
			ExecutionOrderSort (0ms)
			DisableScriptedObjects (22ms)
			BackupInstance (0ms)
			ReleaseScriptingObjects (0ms)
			CreateAndSetChildDomain (126ms)
		EndReloadAssembly (3987ms)
			LoadAssemblies (466ms)
			RebuildTransferFunctionScriptingTraits (0ms)
			SetupTypeCache (986ms)
			ReleaseScriptCaches (3ms)
			RebuildScriptCaches (235ms)
			SetupLoadedEditorAssemblies (1771ms)
				LogAssemblyErrors (0ms)
				InitializePlatformSupportModulesInManaged (61ms)
				SetLoadedEditorAssemblies (2ms)
				RefreshPlugins (2ms)
				BeforeProcessingInitializeOnLoad (557ms)
				ProcessInitializeOnLoadAttributes (1073ms)
				ProcessInitializeOnLoadMethodAttributes (71ms)
				AfterProcessingInitializeOnLoad (4ms)
				EditorAssembliesLoaded (1ms)
			ExecutionOrderSort2 (0ms)
			AwakeInstancesAfterBackupRestoration (91ms)
Platform modules already initialized, skipping
Refreshing native plugins compatible for Editor in 0.80 ms, found 2 plugins.
Preloading 0 native plugins for Editor in 0.00 ms.
Unloading 1546 Unused Serialized files (Serialized files now loaded: 0)
System memory in use before: 184.7 MB.
System memory in use after: 184.8 MB.

Unloading 11 unused Assets to reduce memory usage. Loaded Objects now: 2043.
Total: 6.418544 ms (FindLiveObjects: 0.287566 ms CreateObjectMapping: 0.118865 ms MarkObjects: 5.948655 ms  DeleteObjects: 0.061330 ms)

AssetImportParameters requested are different than current active one (requested -> active):
  custom:video-decoder-ogg-theora: a1e56fd34408186e4bbccfd4996cb3dc -> 
  custom:container-muxer-webm: aa71ff27fc2769a1b78a27578f13a17b -> 
  custom:container-demuxer-webm: 4f35f7cbe854078d1ac9338744f61a02 -> 
  custom:container-demuxer-ogg: 62fdf1f143b41e24485cea50d1cbac27 -> 
  custom:video-encoder-webm-vp8: eb34c28f22e8b96e1ab97ce403110664 -> 
  custom:framework-osx-AVFoundation: e770b220cccbd017edd2c1fefb359320 -> 
  custom:video-decoder-webm-vp8: 9c59270c3fd7afecdb556c50c9e8de78 -> 
  custom:audio-decoder-ogg-vorbis: bf7c407c2cedff20999df2af8eb42d56 -> 
  custom:audio-encoder-webm-vorbis: bf7c407c2cedff20999df2af8eb42d56 -> 
========================================================================
Received Prepare
Registering precompiled user dll's ...
Registered in 0.003419 seconds.
Begin MonoManager ReloadAssembly
Native extension for OSXStandalone target not found
Native extension for WebGL target not found
Refreshing native plugins compatible for Editor in 0.45 ms, found 2 plugins.
Preloading 0 native plugins for Editor in 0.00 ms.
2022-03-25 09:55:27.874 Unity[35739:1059140] NSEventModifierFlagFunction specified to -setKeyEquivalentModifierMask: for item <NSMenuItem: 0x600002709650 Font Asset, ke='Command-F12'>, but is only supported for system-provided menu items; will not be used
Mono: successfully reloaded assembly
- Completed reload, in  2.237 seconds
Domain Reload Profiling:
	ReloadAssembly (2239ms)
		BeginReloadAssembly (275ms)
			ExecutionOrderSort (0ms)
			DisableScriptedObjects (15ms)
			BackupInstance (0ms)
			ReleaseScriptingObjects (0ms)
			CreateAndSetChildDomain (117ms)
		EndReloadAssembly (1786ms)
			LoadAssemblies (207ms)
			RebuildTransferFunctionScriptingTraits (0ms)
			SetupTypeCache (680ms)
			ReleaseScriptCaches (3ms)
			RebuildScriptCaches (103ms)
			SetupLoadedEditorAssemblies (620ms)
				LogAssemblyErrors (0ms)
				InitializePlatformSupportModulesInManaged (9ms)
				SetLoadedEditorAssemblies (1ms)
				RefreshPlugins (1ms)
				BeforeProcessingInitializeOnLoad (181ms)
				ProcessInitializeOnLoadAttributes (408ms)
				ProcessInitializeOnLoadMethodAttributes (18ms)
				AfterProcessingInitializeOnLoad (2ms)
				EditorAssembliesLoaded (1ms)
			ExecutionOrderSort2 (0ms)
			AwakeInstancesAfterBackupRestoration (16ms)
Platform modules already initialized, skipping
Refreshing native plugins compatible for Editor in 0.61 ms, found 2 plugins.
Preloading 0 native plugins for Editor in 0.00 ms.
Unloading 1546 Unused Serialized files (Serialized files now loaded: 0)
System memory in use before: 184.9 MB.
System memory in use after: 185.0 MB.

Unloading 11 unused Assets to reduce memory usage. Loaded Objects now: 2045.
Total: 4.763184 ms (FindLiveObjects: 0.150677 ms CreateObjectMapping: 0.057768 ms MarkObjects: 4.513218 ms  DeleteObjects: 0.039380 ms)

AssetImportParameters requested are different than current active one (requested -> active):
  custom:video-decoder-ogg-theora: a1e56fd34408186e4bbccfd4996cb3dc -> 
  custom:container-muxer-webm: aa71ff27fc2769a1b78a27578f13a17b -> 
  custom:container-demuxer-webm: 4f35f7cbe854078d1ac9338744f61a02 -> 
  custom:container-demuxer-ogg: 62fdf1f143b41e24485cea50d1cbac27 -> 
  custom:video-encoder-webm-vp8: eb34c28f22e8b96e1ab97ce403110664 -> 
  custom:framework-osx-AVFoundation: e770b220cccbd017edd2c1fefb359320 -> 
  custom:video-decoder-webm-vp8: 9c59270c3fd7afecdb556c50c9e8de78 -> 
  custom:audio-decoder-ogg-vorbis: bf7c407c2cedff20999df2af8eb42d56 -> 
  custom:audio-encoder-webm-vorbis: bf7c407c2cedff20999df2af8eb42d56 -> 
========================================================================
Received Prepare
Registering precompiled user dll's ...
Registered in 0.007634 seconds.
Begin MonoManager ReloadAssembly
Native extension for OSXStandalone target not found
Native extension for WebGL target not found
Refreshing native plugins compatible for Editor in 0.44 ms, found 2 plugins.
Preloading 0 native plugins for Editor in 0.00 ms.
2022-03-25 09:59:08.452 Unity[35739:1059140] NSEventModifierFlagFunction specified to -setKeyEquivalentModifierMask: for item <NSMenuItem: 0x6000027042a0 Font Asset, ke='Command-F12'>, but is only supported for system-provided menu items; will not be used
Mono: successfully reloaded assembly
- Completed reload, in  2.254 seconds
Domain Reload Profiling:
	ReloadAssembly (2254ms)
		BeginReloadAssembly (319ms)
			ExecutionOrderSort (0ms)
			DisableScriptedObjects (9ms)
			BackupInstance (0ms)
			ReleaseScriptingObjects (0ms)
			CreateAndSetChildDomain (106ms)
		EndReloadAssembly (1812ms)
			LoadAssemblies (318ms)
			RebuildTransferFunctionScriptingTraits (0ms)
			SetupTypeCache (662ms)
			ReleaseScriptCaches (1ms)
			RebuildScriptCaches (91ms)
			SetupLoadedEditorAssemblies (638ms)
				LogAssemblyErrors (0ms)
				InitializePlatformSupportModulesInManaged (8ms)
				SetLoadedEditorAssemblies (1ms)
				RefreshPlugins (1ms)
				BeforeProcessingInitializeOnLoad (170ms)
				ProcessInitializeOnLoadAttributes (439ms)
				ProcessInitializeOnLoadMethodAttributes (17ms)
				AfterProcessingInitializeOnLoad (3ms)
				EditorAssembliesLoaded (1ms)
			ExecutionOrderSort2 (0ms)
			AwakeInstancesAfterBackupRestoration (18ms)
Platform modules already initialized, skipping
Refreshing native plugins compatible for Editor in 0.63 ms, found 2 plugins.
Preloading 0 native plugins for Editor in 0.00 ms.
Unloading 1546 Unused Serialized files (Serialized files now loaded: 0)
System memory in use before: 185.0 MB.
System memory in use after: 185.1 MB.

Unloading 11 unused Assets to reduce memory usage. Loaded Objects now: 2047.
Total: 4.471092 ms (FindLiveObjects: 0.184148 ms CreateObjectMapping: 0.069090 ms MarkObjects: 4.185258 ms  DeleteObjects: 0.031164 ms)

AssetImportParameters requested are different than current active one (requested -> active):
  custom:video-decoder-ogg-theora: a1e56fd34408186e4bbccfd4996cb3dc -> 
  custom:container-muxer-webm: aa71ff27fc2769a1b78a27578f13a17b -> 
  custom:container-demuxer-webm: 4f35f7cbe854078d1ac9338744f61a02 -> 
  custom:container-demuxer-ogg: 62fdf1f143b41e24485cea50d1cbac27 -> 
  custom:video-encoder-webm-vp8: eb34c28f22e8b96e1ab97ce403110664 -> 
  custom:framework-osx-AVFoundation: e770b220cccbd017edd2c1fefb359320 -> 
  custom:video-decoder-webm-vp8: 9c59270c3fd7afecdb556c50c9e8de78 -> 
  custom:audio-decoder-ogg-vorbis: bf7c407c2cedff20999df2af8eb42d56 -> 
  custom:audio-encoder-webm-vorbis: bf7c407c2cedff20999df2af8eb42d56 -> 
========================================================================
Received Prepare
Registering precompiled user dll's ...
Registered in 0.013047 seconds.
Begin MonoManager ReloadAssembly
Native extension for OSXStandalone target not found
Native extension for WebGL target not found
Refreshing native plugins compatible for Editor in 0.74 ms, found 2 plugins.
Preloading 0 native plugins for Editor in 0.00 ms.
2022-03-25 10:05:18.645 Unity[35739:1059140] NSEventModifierFlagFunction specified to -setKeyEquivalentModifierMask: for item <NSMenuItem: 0x6000027518f0 Font Asset, ke='Command-F12'>, but is only supported for system-provided menu items; will not be used
Mono: successfully reloaded assembly
- Completed reload, in  3.227 seconds
Domain Reload Profiling:
	ReloadAssembly (3229ms)
		BeginReloadAssembly (395ms)
			ExecutionOrderSort (0ms)
			DisableScriptedObjects (11ms)
			BackupInstance (0ms)
			ReleaseScriptingObjects (0ms)
			CreateAndSetChildDomain (121ms)
		EndReloadAssembly (2633ms)
			LoadAssemblies (404ms)
			RebuildTransferFunctionScriptingTraits (0ms)
			SetupTypeCache (923ms)
			ReleaseScriptCaches (4ms)
			RebuildScriptCaches (296ms)
			SetupLoadedEditorAssemblies (841ms)
				LogAssemblyErrors (0ms)
				InitializePlatformSupportModulesInManaged (13ms)
				SetLoadedEditorAssemblies (1ms)
				RefreshPlugins (1ms)
				BeforeProcessingInitializeOnLoad (283ms)
				ProcessInitializeOnLoadAttributes (509ms)
				ProcessInitializeOnLoadMethodAttributes (30ms)
				AfterProcessingInitializeOnLoad (4ms)
				EditorAssembliesLoaded (0ms)
			ExecutionOrderSort2 (0ms)
			AwakeInstancesAfterBackupRestoration (20ms)
Platform modules already initialized, skipping
Refreshing native plugins compatible for Editor in 0.40 ms, found 2 plugins.
Preloading 0 native plugins for Editor in 0.00 ms.
Unloading 1546 Unused Serialized files (Serialized files now loaded: 0)
System memory in use before: 185.2 MB.
System memory in use after: 185.3 MB.

Unloading 11 unused Assets to reduce memory usage. Loaded Objects now: 2049.
Total: 7.385857 ms (FindLiveObjects: 0.464074 ms CreateObjectMapping: 0.233947 ms MarkObjects: 6.653963 ms  DeleteObjects: 0.032196 ms)

AssetImportParameters requested are different than current active one (requested -> active):
  custom:video-decoder-ogg-theora: a1e56fd34408186e4bbccfd4996cb3dc -> 
  custom:container-muxer-webm: aa71ff27fc2769a1b78a27578f13a17b -> 
  custom:container-demuxer-webm: 4f35f7cbe854078d1ac9338744f61a02 -> 
  custom:container-demuxer-ogg: 62fdf1f143b41e24485cea50d1cbac27 -> 
  custom:video-encoder-webm-vp8: eb34c28f22e8b96e1ab97ce403110664 -> 
  custom:framework-osx-AVFoundation: e770b220cccbd017edd2c1fefb359320 -> 
  custom:video-decoder-webm-vp8: 9c59270c3fd7afecdb556c50c9e8de78 -> 
  custom:audio-decoder-ogg-vorbis: bf7c407c2cedff20999df2af8eb42d56 -> 
  custom:audio-encoder-webm-vorbis: bf7c407c2cedff20999df2af8eb42d56 -> 
========================================================================
Received Prepare
Registering precompiled user dll's ...
Registered in 0.003463 seconds.
Begin MonoManager ReloadAssembly
Native extension for OSXStandalone target not found
Native extension for WebGL target not found
Refreshing native plugins compatible for Editor in 0.79 ms, found 2 plugins.
Preloading 0 native plugins for Editor in 0.00 ms.
2022-03-25 10:05:24.201 Unity[35739:1059140] NSEventModifierFlagFunction specified to -setKeyEquivalentModifierMask: for item <NSMenuItem: 0x600002753560 Font Asset, ke='Command-F12'>, but is only supported for system-provided menu items; will not be used
Mono: successfully reloaded assembly
- Completed reload, in  2.436 seconds
Domain Reload Profiling:
	ReloadAssembly (2438ms)
		BeginReloadAssembly (234ms)
			ExecutionOrderSort (0ms)
			DisableScriptedObjects (12ms)
			BackupInstance (0ms)
			ReleaseScriptingObjects (0ms)
			CreateAndSetChildDomain (97ms)
		EndReloadAssembly (2052ms)
			LoadAssemblies (181ms)
			RebuildTransferFunctionScriptingTraits (0ms)
			SetupTypeCache (724ms)
			ReleaseScriptCaches (1ms)
			RebuildScriptCaches (88ms)
			SetupLoadedEditorAssemblies (838ms)
				LogAssemblyErrors (0ms)
				InitializePlatformSupportModulesInManaged (10ms)
				SetLoadedEditorAssemblies (2ms)
				RefreshPlugins (1ms)
				BeforeProcessingInitializeOnLoad (296ms)
				ProcessInitializeOnLoadAttributes (506ms)
				ProcessInitializeOnLoadMethodAttributes (19ms)
				AfterProcessingInitializeOnLoad (4ms)
				EditorAssembliesLoaded (1ms)
			ExecutionOrderSort2 (0ms)
			AwakeInstancesAfterBackupRestoration (16ms)
Platform modules already initialized, skipping
Refreshing native plugins compatible for Editor in 0.43 ms, found 2 plugins.
Preloading 0 native plugins for Editor in 0.00 ms.
Unloading 1546 Unused Serialized files (Serialized files now loaded: 0)
System memory in use before: 185.4 MB.
System memory in use after: 185.5 MB.

Unloading 11 unused Assets to reduce memory usage. Loaded Objects now: 2051.
Total: 6.020488 ms (FindLiveObjects: 0.163605 ms CreateObjectMapping: 0.063971 ms MarkObjects: 5.754793 ms  DeleteObjects: 0.036554 ms)

AssetImportParameters requested are different than current active one (requested -> active):
  custom:video-decoder-ogg-theora: a1e56fd34408186e4bbccfd4996cb3dc -> 
  custom:container-muxer-webm: aa71ff27fc2769a1b78a27578f13a17b -> 
  custom:container-demuxer-webm: 4f35f7cbe854078d1ac9338744f61a02 -> 
  custom:container-demuxer-ogg: 62fdf1f143b41e24485cea50d1cbac27 -> 
  custom:video-encoder-webm-vp8: eb34c28f22e8b96e1ab97ce403110664 -> 
  custom:framework-osx-AVFoundation: e770b220cccbd017edd2c1fefb359320 -> 
  custom:video-decoder-webm-vp8: 9c59270c3fd7afecdb556c50c9e8de78 -> 
  custom:audio-decoder-ogg-vorbis: bf7c407c2cedff20999df2af8eb42d56 -> 
  custom:audio-encoder-webm-vorbis: bf7c407c2cedff20999df2af8eb42d56 -> 
========================================================================
Received Prepare
Registering precompiled user dll's ...
Registered in 0.001411 seconds.
Begin MonoManager ReloadAssembly
Native extension for OSXStandalone target not found
Native extension for WebGL target not found
Refreshing native plugins compatible for Editor in 0.45 ms, found 2 plugins.
Preloading 0 native plugins for Editor in 0.00 ms.
2022-03-25 10:06:01.606 Unity[35739:1059140] NSEventModifierFlagFunction specified to -setKeyEquivalentModifierMask: for item <NSMenuItem: 0x600002706fb0 Font Asset, ke='Command-F12'>, but is only supported for system-provided menu items; will not be used
Mono: successfully reloaded assembly
- Completed reload, in  2.986 seconds
Domain Reload Profiling:
	ReloadAssembly (2987ms)
		BeginReloadAssembly (424ms)
			ExecutionOrderSort (0ms)
			DisableScriptedObjects (18ms)
			BackupInstance (0ms)
			ReleaseScriptingObjects (1ms)
			CreateAndSetChildDomain (130ms)
		EndReloadAssembly (2437ms)
			LoadAssemblies (286ms)
			RebuildTransferFunctionScriptingTraits (8ms)
			SetupTypeCache (884ms)
			ReleaseScriptCaches (1ms)
			RebuildScriptCaches (112ms)
			SetupLoadedEditorAssemblies (852ms)
				LogAssemblyErrors (0ms)
				InitializePlatformSupportModulesInManaged (15ms)
				SetLoadedEditorAssemblies (1ms)
				RefreshPlugins (1ms)
				BeforeProcessingInitializeOnLoad (276ms)
				ProcessInitializeOnLoadAttributes (527ms)
				ProcessInitializeOnLoadMethodAttributes (30ms)
				AfterProcessingInitializeOnLoad (2ms)
				EditorAssembliesLoaded (0ms)
			ExecutionOrderSort2 (0ms)
			AwakeInstancesAfterBackupRestoration (18ms)
Platform modules already initialized, skipping
Refreshing native plugins compatible for Editor in 0.69 ms, found 2 plugins.
Preloading 0 native plugins for Editor in 0.00 ms.
Unloading 1546 Unused Serialized files (Serialized files now loaded: 0)
System memory in use before: 185.5 MB.
System memory in use after: 185.6 MB.

Unloading 11 unused Assets to reduce memory usage. Loaded Objects now: 2053.
Total: 5.892024 ms (FindLiveObjects: 0.260370 ms CreateObjectMapping: 0.089929 ms MarkObjects: 5.501366 ms  DeleteObjects: 0.038845 ms)

AssetImportParameters requested are different than current active one (requested -> active):
  custom:video-decoder-ogg-theora: a1e56fd34408186e4bbccfd4996cb3dc -> 
  custom:container-muxer-webm: aa71ff27fc2769a1b78a27578f13a17b -> 
  custom:container-demuxer-webm: 4f35f7cbe854078d1ac9338744f61a02 -> 
  custom:container-demuxer-ogg: 62fdf1f143b41e24485cea50d1cbac27 -> 
  custom:video-encoder-webm-vp8: eb34c28f22e8b96e1ab97ce403110664 -> 
  custom:framework-osx-AVFoundation: e770b220cccbd017edd2c1fefb359320 -> 
  custom:video-decoder-webm-vp8: 9c59270c3fd7afecdb556c50c9e8de78 -> 
  custom:audio-decoder-ogg-vorbis: bf7c407c2cedff20999df2af8eb42d56 -> 
  custom:audio-encoder-webm-vorbis: bf7c407c2cedff20999df2af8eb42d56 -> 
========================================================================
Received Import Request.
  Time since last request: 820.340833 seconds.
  path: Assets/Prefabs/AutoGun.prefab
  artifactKey: Guid(bf61fa9b93447408b9db350565f7bee8) Importer(815301076,1909f56bfc062723c751e8b465ee728b)
Start importing Assets/Prefabs/AutoGun.prefab using Guid(bf61fa9b93447408b9db350565f7bee8) Importer(815301076,1909f56bfc062723c751e8b465ee728b)  -> (artifact id: '8c99623c3614dc584f9e494920c4a7ea') in 0.196202 seconds 
========================================================================
Received Prepare
Registering precompiled user dll's ...
Registered in 0.023866 seconds.
Begin MonoManager ReloadAssembly
Native extension for OSXStandalone target not found
Native extension for WebGL target not found
Refreshing native plugins compatible for Editor in 0.92 ms, found 2 plugins.
Preloading 0 native plugins for Editor in 0.00 ms.
2022-03-25 10:09:21.257 Unity[35739:1059140] NSEventModifierFlagFunction specified to -setKeyEquivalentModifierMask: for item <NSMenuItem: 0x600002712060 Font Asset, ke='Command-F12'>, but is only supported for system-provided menu items; will not be used
Mono: successfully reloaded assembly
- Completed reload, in  3.363 seconds
Domain Reload Profiling:
	ReloadAssembly (3364ms)
		BeginReloadAssembly (312ms)
			ExecutionOrderSort (0ms)
			DisableScriptedObjects (16ms)
			BackupInstance (0ms)
			ReleaseScriptingObjects (0ms)
			CreateAndSetChildDomain (128ms)
		EndReloadAssembly (2799ms)
			LoadAssemblies (282ms)
			RebuildTransferFunctionScriptingTraits (0ms)
			SetupTypeCache (1174ms)
			ReleaseScriptCaches (2ms)
			RebuildScriptCaches (128ms)
			SetupLoadedEditorAssemblies (940ms)
				LogAssemblyErrors (0ms)
				InitializePlatformSupportModulesInManaged (11ms)
				SetLoadedEditorAssemblies (2ms)
				RefreshPlugins (1ms)
				BeforeProcessingInitializeOnLoad (260ms)
				ProcessInitializeOnLoadAttributes (634ms)
				ProcessInitializeOnLoadMethodAttributes (22ms)
				AfterProcessingInitializeOnLoad (9ms)
				EditorAssembliesLoaded (1ms)
			ExecutionOrderSort2 (0ms)
			AwakeInstancesAfterBackupRestoration (21ms)
Platform modules already initialized, skipping
Refreshing native plugins compatible for Editor in 1.22 ms, found 2 plugins.
Preloading 0 native plugins for Editor in 0.00 ms.
Unloading 1546 Unused Serialized files (Serialized files now loaded: 0)
System memory in use before: 185.5 MB.
System memory in use after: 185.6 MB.

Unloading 11 unused Assets to reduce memory usage. Loaded Objects now: 2056.
Total: 8.849177 ms (FindLiveObjects: 0.470723 ms CreateObjectMapping: 0.322805 ms MarkObjects: 7.992639 ms  DeleteObjects: 0.061046 ms)

AssetImportParameters requested are different than current active one (requested -> active):
  custom:video-decoder-ogg-theora: a1e56fd34408186e4bbccfd4996cb3dc -> 
  custom:container-muxer-webm: aa71ff27fc2769a1b78a27578f13a17b -> 
  custom:container-demuxer-webm: 4f35f7cbe854078d1ac9338744f61a02 -> 
  custom:container-demuxer-ogg: 62fdf1f143b41e24485cea50d1cbac27 -> 
  custom:video-encoder-webm-vp8: eb34c28f22e8b96e1ab97ce403110664 -> 
  custom:framework-osx-AVFoundation: e770b220cccbd017edd2c1fefb359320 -> 
  custom:video-decoder-webm-vp8: 9c59270c3fd7afecdb556c50c9e8de78 -> 
  custom:audio-decoder-ogg-vorbis: bf7c407c2cedff20999df2af8eb42d56 -> 
  custom:audio-encoder-webm-vorbis: bf7c407c2cedff20999df2af8eb42d56 -> 
========================================================================
Received Prepare
Registering precompiled user dll's ...
Registered in 0.002990 seconds.
Begin MonoManager ReloadAssembly
Native extension for OSXStandalone target not found
Native extension for WebGL target not found
Refreshing native plugins compatible for Editor in 0.62 ms, found 2 plugins.
Preloading 0 native plugins for Editor in 0.00 ms.
2022-03-25 10:09:25.793 Unity[35739:1059140] NSEventModifierFlagFunction specified to -setKeyEquivalentModifierMask: for item <NSMenuItem: 0x600002751ab0 Font Asset, ke='Command-F12'>, but is only supported for system-provided menu items; will not be used
Mono: successfully reloaded assembly
- Completed reload, in  2.447 seconds
Domain Reload Profiling:
	ReloadAssembly (2448ms)
		BeginReloadAssembly (237ms)
			ExecutionOrderSort (0ms)
			DisableScriptedObjects (13ms)
			BackupInstance (0ms)
			ReleaseScriptingObjects (0ms)
			CreateAndSetChildDomain (99ms)
		EndReloadAssembly (2039ms)
			LoadAssemblies (198ms)
			RebuildTransferFunctionScriptingTraits (0ms)
			SetupTypeCache (784ms)
			ReleaseScriptCaches (1ms)
			RebuildScriptCaches (89ms)
			SetupLoadedEditorAssemblies (697ms)
				LogAssemblyErrors (0ms)
				InitializePlatformSupportModulesInManaged (22ms)
				SetLoadedEditorAssemblies (5ms)
				RefreshPlugins (1ms)
				BeforeProcessingInitializeOnLoad (229ms)
				ProcessInitializeOnLoadAttributes (417ms)
				ProcessInitializeOnLoadMethodAttributes (20ms)
				AfterProcessingInitializeOnLoad (2ms)
				EditorAssembliesLoaded (0ms)
			ExecutionOrderSort2 (0ms)
			AwakeInstancesAfterBackupRestoration (24ms)
Platform modules already initialized, skipping
Refreshing native plugins compatible for Editor in 0.55 ms, found 2 plugins.
Preloading 0 native plugins for Editor in 0.00 ms.
Unloading 1546 Unused Serialized files (Serialized files now loaded: 0)
System memory in use before: 185.8 MB.
System memory in use after: 185.9 MB.

Unloading 11 unused Assets to reduce memory usage. Loaded Objects now: 2058.
Total: 4.409316 ms (FindLiveObjects: 0.196074 ms CreateObjectMapping: 0.094931 ms MarkObjects: 4.066714 ms  DeleteObjects: 0.049897 ms)

AssetImportParameters requested are different than current active one (requested -> active):
  custom:video-decoder-ogg-theora: a1e56fd34408186e4bbccfd4996cb3dc -> 
  custom:container-muxer-webm: aa71ff27fc2769a1b78a27578f13a17b -> 
  custom:container-demuxer-webm: 4f35f7cbe854078d1ac9338744f61a02 -> 
  custom:container-demuxer-ogg: 62fdf1f143b41e24485cea50d1cbac27 -> 
  custom:video-encoder-webm-vp8: eb34c28f22e8b96e1ab97ce403110664 -> 
  custom:framework-osx-AVFoundation: e770b220cccbd017edd2c1fefb359320 -> 
  custom:video-decoder-webm-vp8: 9c59270c3fd7afecdb556c50c9e8de78 -> 
  custom:audio-decoder-ogg-vorbis: bf7c407c2cedff20999df2af8eb42d56 -> 
  custom:audio-encoder-webm-vorbis: bf7c407c2cedff20999df2af8eb42d56 -> 
========================================================================
Received Import Request.
  Time since last request: 804.093545 seconds.
  path: Assets/Prefabs/AutoGun 1.prefab
  artifactKey: Guid(68fce63f4d58a43dbb12d27bc379d309) Importer(815301076,1909f56bfc062723c751e8b465ee728b)
Start importing Assets/Prefabs/AutoGun 1.prefab using Guid(68fce63f4d58a43dbb12d27bc379d309) Importer(815301076,1909f56bfc062723c751e8b465ee728b)  -> (artifact id: '4bdb4da280674fa3ec7e0ac91a8c066a') in 0.150150 seconds 
========================================================================
Received Import Request.
  Time since last request: 3.824678 seconds.
  path: Assets/Prefabs/Pistol.prefab
  artifactKey: Guid(68fce63f4d58a43dbb12d27bc379d309) Importer(815301076,1909f56bfc062723c751e8b465ee728b)
Start importing Assets/Prefabs/Pistol.prefab using Guid(68fce63f4d58a43dbb12d27bc379d309) Importer(815301076,1909f56bfc062723c751e8b465ee728b)  -> (artifact id: '43e614ec627744b6787730e704e12cb5') in 0.026663 seconds 
========================================================================
Received Import Request.
  Time since last request: 4.744723 seconds.
  path: Assets/Prefabs/Pistol.prefab
  artifactKey: Guid(68fce63f4d58a43dbb12d27bc379d309) Importer(815301076,1909f56bfc062723c751e8b465ee728b)
Start importing Assets/Prefabs/Pistol.prefab using Guid(68fce63f4d58a43dbb12d27bc379d309) Importer(815301076,1909f56bfc062723c751e8b465ee728b)  -> (artifact id: 'f9ce13994fcc7808899d51e27950094a') in 0.026226 seconds 
========================================================================
Received Import Request.
  Time since last request: 7.466002 seconds.
  path: Assets/Prefabs/Pistol.prefab
  artifactKey: Guid(68fce63f4d58a43dbb12d27bc379d309) Importer(815301076,1909f56bfc062723c751e8b465ee728b)
Start importing Assets/Prefabs/Pistol.prefab using Guid(68fce63f4d58a43dbb12d27bc379d309) Importer(815301076,1909f56bfc062723c751e8b465ee728b)  -> (artifact id: 'a0d96d2dabb1ddadfc5cd36b19c451bf') in 0.029660 seconds 
========================================================================
Received Import Request.
  Time since last request: 5.835845 seconds.
  path: Assets/Prefabs/Pistol.prefab
  artifactKey: Guid(68fce63f4d58a43dbb12d27bc379d309) Importer(815301076,1909f56bfc062723c751e8b465ee728b)
Start importing Assets/Prefabs/Pistol.prefab using Guid(68fce63f4d58a43dbb12d27bc379d309) Importer(815301076,1909f56bfc062723c751e8b465ee728b)  -> (artifact id: 'a21a879411d5de81fa69b000d0f1e06e') in 0.027903 seconds 
========================================================================
Received Import Request.
  Time since last request: 4.820676 seconds.
  path: Assets/Prefabs/Pistol.prefab
  artifactKey: Guid(68fce63f4d58a43dbb12d27bc379d309) Importer(815301076,1909f56bfc062723c751e8b465ee728b)
Start importing Assets/Prefabs/Pistol.prefab using Guid(68fce63f4d58a43dbb12d27bc379d309) Importer(815301076,1909f56bfc062723c751e8b465ee728b)  -> (artifact id: '02c28b4909c3ea927cb3721b3ae83bda') in 0.028222 seconds 
========================================================================
Received Import Request.
  Time since last request: 88.868649 seconds.
  path: Assets/Prefabs/Pistol.prefab
  artifactKey: Guid(68fce63f4d58a43dbb12d27bc379d309) Importer(815301076,1909f56bfc062723c751e8b465ee728b)
Start importing Assets/Prefabs/Pistol.prefab using Guid(68fce63f4d58a43dbb12d27bc379d309) Importer(815301076,1909f56bfc062723c751e8b465ee728b)  -> (artifact id: 'c8fc2bda93a9a13b60a6b1ef5c7d7aa6') in 0.038622 seconds 
========================================================================
Received Import Request.
  Time since last request: 16.547106 seconds.
  path: Assets/Prefabs/Guns
  artifactKey: Guid(253e74b09d0294f39ac883f174df3a33) Importer(815301076,1909f56bfc062723c751e8b465ee728b)
Start importing Assets/Prefabs/Guns using Guid(253e74b09d0294f39ac883f174df3a33) Importer(815301076,1909f56bfc062723c751e8b465ee728b)  -> (artifact id: '2a36ce243e8c506becc73f0766d077c3') in 0.004673 seconds 
========================================================================
Received Import Request.
  Time since last request: 46.181015 seconds.
  path: Assets/Prefabs/Guns/BaseGun.prefab
  artifactKey: Guid(bf61fa9b93447408b9db350565f7bee8) Importer(815301076,1909f56bfc062723c751e8b465ee728b)
Start importing Assets/Prefabs/Guns/BaseGun.prefab using Guid(bf61fa9b93447408b9db350565f7bee8) Importer(815301076,1909f56bfc062723c751e8b465ee728b)  -> (artifact id: '4e80742aaafa9958c8602def05154acf') in 0.041754 seconds 
========================================================================
Received Import Request.
  Time since last request: 3.459648 seconds.
  path: Assets/Prefabs/Guns/BaseGun 1.prefab
  artifactKey: Guid(350ff3e8371d64b1681c4f2aa87d9992) Importer(815301076,1909f56bfc062723c751e8b465ee728b)
Start importing Assets/Prefabs/Guns/BaseGun 1.prefab using Guid(350ff3e8371d64b1681c4f2aa87d9992) Importer(815301076,1909f56bfc062723c751e8b465ee728b)  -> (artifact id: 'a787ff4612cf62b84074adef7f65b154') in 0.019579 seconds 
========================================================================
Received Import Request.
  Time since last request: 8.160331 seconds.
  path: Assets/Prefabs/Guns/Shotgun.prefab
  artifactKey: Guid(350ff3e8371d64b1681c4f2aa87d9992) Importer(815301076,1909f56bfc062723c751e8b465ee728b)
Start importing Assets/Prefabs/Guns/Shotgun.prefab using Guid(350ff3e8371d64b1681c4f2aa87d9992) Importer(815301076,1909f56bfc062723c751e8b465ee728b)  -> (artifact id: '045a51b24c5f6fc737654e253336c58a') in 0.028596 seconds 
========================================================================
Received Import Request.
  Time since last request: 14.641339 seconds.
  path: Assets/Prefabs/Guns/Shotgun.prefab
  artifactKey: Guid(350ff3e8371d64b1681c4f2aa87d9992) Importer(815301076,1909f56bfc062723c751e8b465ee728b)
Start importing Assets/Prefabs/Guns/Shotgun.prefab using Guid(350ff3e8371d64b1681c4f2aa87d9992) Importer(815301076,1909f56bfc062723c751e8b465ee728b)  -> (artifact id: '1e80710412b3cb607becd4add3648393') in 0.031810 seconds 
========================================================================
Received Import Request.
  Time since last request: 7.729777 seconds.
  path: Assets/Prefabs/Guns/Shotgun.prefab
  artifactKey: Guid(350ff3e8371d64b1681c4f2aa87d9992) Importer(815301076,1909f56bfc062723c751e8b465ee728b)
Start importing Assets/Prefabs/Guns/Shotgun.prefab using Guid(350ff3e8371d64b1681c4f2aa87d9992) Importer(815301076,1909f56bfc062723c751e8b465ee728b)  -> (artifact id: '0ff5799e90986dea2e1f7addcb9647df') in 0.027050 seconds 
========================================================================
Received Import Request.
  Time since last request: 4.416563 seconds.
  path: Assets/Prefabs/Guns/Shotgun.prefab
  artifactKey: Guid(350ff3e8371d64b1681c4f2aa87d9992) Importer(815301076,1909f56bfc062723c751e8b465ee728b)
Start importing Assets/Prefabs/Guns/Shotgun.prefab using Guid(350ff3e8371d64b1681c4f2aa87d9992) Importer(815301076,1909f56bfc062723c751e8b465ee728b)  -> (artifact id: '4911704d5e32f111594d87c482c45170') in 0.024267 seconds 
========================================================================
Received Import Request.
  Time since last request: 2.205716 seconds.
  path: Assets/Prefabs/Guns/Shotgun.prefab
  artifactKey: Guid(350ff3e8371d64b1681c4f2aa87d9992) Importer(815301076,1909f56bfc062723c751e8b465ee728b)
Start importing Assets/Prefabs/Guns/Shotgun.prefab using Guid(350ff3e8371d64b1681c4f2aa87d9992) Importer(815301076,1909f56bfc062723c751e8b465ee728b)  -> (artifact id: '3651de5333ce67378fb8219996ccda8c') in 0.031081 seconds 
========================================================================
Received Import Request.
  Time since last request: 3.826615 seconds.
  path: Assets/Prefabs/Guns/Shotgun.prefab
  artifactKey: Guid(350ff3e8371d64b1681c4f2aa87d9992) Importer(815301076,1909f56bfc062723c751e8b465ee728b)
Start importing Assets/Prefabs/Guns/Shotgun.prefab using Guid(350ff3e8371d64b1681c4f2aa87d9992) Importer(815301076,1909f56bfc062723c751e8b465ee728b)  -> (artifact id: '24aceefa6735e8232ab94a961ee0ea41') in 0.035551 seconds 
========================================================================
Received Import Request.
  Time since last request: 3.194707 seconds.
  path: Assets/Prefabs/Guns/Shotgun.prefab
  artifactKey: Guid(350ff3e8371d64b1681c4f2aa87d9992) Importer(815301076,1909f56bfc062723c751e8b465ee728b)
Start importing Assets/Prefabs/Guns/Shotgun.prefab using Guid(350ff3e8371d64b1681c4f2aa87d9992) Importer(815301076,1909f56bfc062723c751e8b465ee728b)  -> (artifact id: '9719063befb9d8c8337d1432a1d05342') in 0.030618 seconds 
========================================================================
Received Import Request.
  Time since last request: 1.834914 seconds.
  path: Assets/Prefabs/Guns/Shotgun.prefab
  artifactKey: Guid(350ff3e8371d64b1681c4f2aa87d9992) Importer(815301076,1909f56bfc062723c751e8b465ee728b)
Start importing Assets/Prefabs/Guns/Shotgun.prefab using Guid(350ff3e8371d64b1681c4f2aa87d9992) Importer(815301076,1909f56bfc062723c751e8b465ee728b)  -> (artifact id: 'ecde4b4af890894d84eb1795ed1a8d92') in 0.042236 seconds 
========================================================================
Received Import Request.
  Time since last request: 1.600322 seconds.
  path: Assets/Prefabs/Guns/Shotgun.prefab
  artifactKey: Guid(350ff3e8371d64b1681c4f2aa87d9992) Importer(815301076,1909f56bfc062723c751e8b465ee728b)
Start importing Assets/Prefabs/Guns/Shotgun.prefab using Guid(350ff3e8371d64b1681c4f2aa87d9992) Importer(815301076,1909f56bfc062723c751e8b465ee728b)  -> (artifact id: '5c86b537a17cac9099d73dd7705ce90b') in 0.029660 seconds 
========================================================================
Received Import Request.
  Time since last request: 3.210993 seconds.
  path: Assets/Prefabs/Guns/Shotgun.prefab
  artifactKey: Guid(350ff3e8371d64b1681c4f2aa87d9992) Importer(815301076,1909f56bfc062723c751e8b465ee728b)
Start importing Assets/Prefabs/Guns/Shotgun.prefab using Guid(350ff3e8371d64b1681c4f2aa87d9992) Importer(815301076,1909f56bfc062723c751e8b465ee728b)  -> (artifact id: '74b389900c222db9a29af18c8ff6a495') in 0.030782 seconds 
========================================================================
Received Import Request.
  Time since last request: 6.509732 seconds.
  path: Assets/Prefabs/Guns/Shotgun.prefab
  artifactKey: Guid(350ff3e8371d64b1681c4f2aa87d9992) Importer(815301076,1909f56bfc062723c751e8b465ee728b)
Start importing Assets/Prefabs/Guns/Shotgun.prefab using Guid(350ff3e8371d64b1681c4f2aa87d9992) Importer(815301076,1909f56bfc062723c751e8b465ee728b)  -> (artifact id: '3ca2af5a0eeee7567aa12d05a0c0edd1') in 0.028642 seconds 
========================================================================
Received Import Request.
  Time since last request: 12.299579 seconds.
  path: Assets/Prefabs/Guns/Shotgun.prefab
  artifactKey: Guid(350ff3e8371d64b1681c4f2aa87d9992) Importer(815301076,1909f56bfc062723c751e8b465ee728b)
Start importing Assets/Prefabs/Guns/Shotgun.prefab using Guid(350ff3e8371d64b1681c4f2aa87d9992) Importer(815301076,1909f56bfc062723c751e8b465ee728b)  -> (artifact id: '9d35dee0dfb223730c3f6e6a4cd9a68b') in 0.030639 seconds 
========================================================================
Received Import Request.
  Time since last request: 4.871866 seconds.
  path: Assets/Prefabs/Guns/Shotgun.prefab
  artifactKey: Guid(350ff3e8371d64b1681c4f2aa87d9992) Importer(815301076,1909f56bfc062723c751e8b465ee728b)
Start importing Assets/Prefabs/Guns/Shotgun.prefab using Guid(350ff3e8371d64b1681c4f2aa87d9992) Importer(815301076,1909f56bfc062723c751e8b465ee728b)  -> (artifact id: '01fbfc19840d3abde5537d7675d24ad8') in 0.026585 seconds 
========================================================================
Received Import Request.
  Time since last request: 8.709075 seconds.
  path: Assets/Prefabs/Guns/Shotgun.prefab
  artifactKey: Guid(350ff3e8371d64b1681c4f2aa87d9992) Importer(815301076,1909f56bfc062723c751e8b465ee728b)
Start importing Assets/Prefabs/Guns/Shotgun.prefab using Guid(350ff3e8371d64b1681c4f2aa87d9992) Importer(815301076,1909f56bfc062723c751e8b465ee728b)  -> (artifact id: '3f92650d4e9618e9edc0202158e24086') in 0.027660 seconds 
========================================================================
Received Import Request.
  Time since last request: 13.048892 seconds.
  path: Assets/Prefabs/Guns/Shotgun.prefab
  artifactKey: Guid(350ff3e8371d64b1681c4f2aa87d9992) Importer(815301076,1909f56bfc062723c751e8b465ee728b)
Start importing Assets/Prefabs/Guns/Shotgun.prefab using Guid(350ff3e8371d64b1681c4f2aa87d9992) Importer(815301076,1909f56bfc062723c751e8b465ee728b)  -> (artifact id: 'a7fb521574a0e3dc6683d8df2169ea4a') in 0.029751 seconds 
========================================================================
Received Import Request.
  Time since last request: 18.315827 seconds.
  path: Assets/Prefabs/Guns/Pistol.prefab
  artifactKey: Guid(68fce63f4d58a43dbb12d27bc379d309) Importer(815301076,1909f56bfc062723c751e8b465ee728b)
Start importing Assets/Prefabs/Guns/Pistol.prefab using Guid(68fce63f4d58a43dbb12d27bc379d309) Importer(815301076,1909f56bfc062723c751e8b465ee728b)  -> (artifact id: '5c6215864d808669eeb2a8b6ed865626') in 0.029595 seconds 
========================================================================
Received Import Request.
  Time since last request: 20.477326 seconds.
  path: Assets/Prefabs/Guns/Shotgun.prefab
  artifactKey: Guid(350ff3e8371d64b1681c4f2aa87d9992) Importer(815301076,1909f56bfc062723c751e8b465ee728b)
Start importing Assets/Prefabs/Guns/Shotgun.prefab using Guid(350ff3e8371d64b1681c4f2aa87d9992) Importer(815301076,1909f56bfc062723c751e8b465ee728b)  -> (artifact id: 'a3604df1dc7151fe6b26b652f05a69f2') in 0.031345 seconds 
========================================================================
Received Import Request.
  Time since last request: 8.261026 seconds.
  path: Assets/Prefabs/Guns/Shotgun.prefab
  artifactKey: Guid(350ff3e8371d64b1681c4f2aa87d9992) Importer(815301076,1909f56bfc062723c751e8b465ee728b)
Start importing Assets/Prefabs/Guns/Shotgun.prefab using Guid(350ff3e8371d64b1681c4f2aa87d9992) Importer(815301076,1909f56bfc062723c751e8b465ee728b)  -> (artifact id: '6824c142176a00f4e51c70c4494ea89c') in 0.026661 seconds 
========================================================================
Received Import Request.
  Time since last request: 1.264526 seconds.
  path: Assets/Prefabs/Guns/Shotgun.prefab
  artifactKey: Guid(350ff3e8371d64b1681c4f2aa87d9992) Importer(815301076,1909f56bfc062723c751e8b465ee728b)
Start importing Assets/Prefabs/Guns/Shotgun.prefab using Guid(350ff3e8371d64b1681c4f2aa87d9992) Importer(815301076,1909f56bfc062723c751e8b465ee728b)  -> (artifact id: 'f83b057b02598558856f3fa3f10f0943') in 0.024126 seconds 
========================================================================
Received Import Request.
  Time since last request: 9.332800 seconds.
  path: Assets/Prefabs/Guns/Shotgun.prefab
  artifactKey: Guid(350ff3e8371d64b1681c4f2aa87d9992) Importer(815301076,1909f56bfc062723c751e8b465ee728b)
Start importing Assets/Prefabs/Guns/Shotgun.prefab using Guid(350ff3e8371d64b1681c4f2aa87d9992) Importer(815301076,1909f56bfc062723c751e8b465ee728b)  -> (artifact id: '630e2a235386fe206a1c7be3bfc81bb7') in 0.029308 seconds 
========================================================================
Received Import Request.
  Time since last request: 4.303588 seconds.
  path: Assets/Prefabs/Guns/Shotgun.prefab
  artifactKey: Guid(350ff3e8371d64b1681c4f2aa87d9992) Importer(815301076,1909f56bfc062723c751e8b465ee728b)
Start importing Assets/Prefabs/Guns/Shotgun.prefab using Guid(350ff3e8371d64b1681c4f2aa87d9992) Importer(815301076,1909f56bfc062723c751e8b465ee728b)  -> (artifact id: '833d6fa3fa2a9c76516344b58f9b4703') in 0.024589 seconds 
========================================================================
Received Import Request.
  Time since last request: 8.379203 seconds.
  path: Assets/Prefabs/Guns/Shotgun.prefab
  artifactKey: Guid(350ff3e8371d64b1681c4f2aa87d9992) Importer(815301076,1909f56bfc062723c751e8b465ee728b)
Start importing Assets/Prefabs/Guns/Shotgun.prefab using Guid(350ff3e8371d64b1681c4f2aa87d9992) Importer(815301076,1909f56bfc062723c751e8b465ee728b)  -> (artifact id: 'a652113733cb72df5c5a168219e1beaa') in 0.029061 seconds 
========================================================================
Received Import Request.
  Time since last request: 3.613470 seconds.
  path: Assets/Prefabs/Guns/Shotgun.prefab
  artifactKey: Guid(350ff3e8371d64b1681c4f2aa87d9992) Importer(815301076,1909f56bfc062723c751e8b465ee728b)
Start importing Assets/Prefabs/Guns/Shotgun.prefab using Guid(350ff3e8371d64b1681c4f2aa87d9992) Importer(815301076,1909f56bfc062723c751e8b465ee728b)  -> (artifact id: 'abb4540ddcc484cd0f96cc9d929bb1a8') in 0.029582 seconds 
========================================================================
Received Import Request.
  Time since last request: 1.986686 seconds.
  path: Assets/Prefabs/Guns/Shotgun.prefab
  artifactKey: Guid(350ff3e8371d64b1681c4f2aa87d9992) Importer(815301076,1909f56bfc062723c751e8b465ee728b)
Start importing Assets/Prefabs/Guns/Shotgun.prefab using Guid(350ff3e8371d64b1681c4f2aa87d9992) Importer(815301076,1909f56bfc062723c751e8b465ee728b)  -> (artifact id: 'e5a9ecff881ca42936e050920e505787') in 0.035252 seconds 
========================================================================
Received Import Request.
  Time since last request: 7.246672 seconds.
  path: Assets/Prefabs/Guns/Shotgun.prefab
  artifactKey: Guid(350ff3e8371d64b1681c4f2aa87d9992) Importer(815301076,1909f56bfc062723c751e8b465ee728b)
Start importing Assets/Prefabs/Guns/Shotgun.prefab using Guid(350ff3e8371d64b1681c4f2aa87d9992) Importer(815301076,1909f56bfc062723c751e8b465ee728b)  -> (artifact id: '03151d97cd37180514dec1adcdb91a62') in 0.029039 seconds 
========================================================================
Received Import Request.
  Time since last request: 6.363919 seconds.
  path: Assets/Prefabs/Guns/Shotgun.prefab
  artifactKey: Guid(350ff3e8371d64b1681c4f2aa87d9992) Importer(815301076,1909f56bfc062723c751e8b465ee728b)
Start importing Assets/Prefabs/Guns/Shotgun.prefab using Guid(350ff3e8371d64b1681c4f2aa87d9992) Importer(815301076,1909f56bfc062723c751e8b465ee728b)  -> (artifact id: '25882e2dc1384c46e0b21eda6d34580a') in 0.032329 seconds 
========================================================================
Received Import Request.
  Time since last request: 2.180153 seconds.
  path: Assets/Prefabs/Guns/Shotgun.prefab
  artifactKey: Guid(350ff3e8371d64b1681c4f2aa87d9992) Importer(815301076,1909f56bfc062723c751e8b465ee728b)
Start importing Assets/Prefabs/Guns/Shotgun.prefab using Guid(350ff3e8371d64b1681c4f2aa87d9992) Importer(815301076,1909f56bfc062723c751e8b465ee728b)  -> (artifact id: '3c459969987b5463b08c4697f4d585ef') in 0.026961 seconds 
========================================================================
Received Import Request.
  Time since last request: 4.221593 seconds.
  path: Assets/Prefabs/Guns/Shotgun.prefab
  artifactKey: Guid(350ff3e8371d64b1681c4f2aa87d9992) Importer(815301076,1909f56bfc062723c751e8b465ee728b)
Start importing Assets/Prefabs/Guns/Shotgun.prefab using Guid(350ff3e8371d64b1681c4f2aa87d9992) Importer(815301076,1909f56bfc062723c751e8b465ee728b)  -> (artifact id: 'fbd619662272fee1e5f26e404ffffa11') in 0.030648 seconds 
========================================================================
Received Import Request.
  Time since last request: 2.798227 seconds.
  path: Assets/Prefabs/Guns/Shotgun.prefab
  artifactKey: Guid(350ff3e8371d64b1681c4f2aa87d9992) Importer(815301076,1909f56bfc062723c751e8b465ee728b)
Start importing Assets/Prefabs/Guns/Shotgun.prefab using Guid(350ff3e8371d64b1681c4f2aa87d9992) Importer(815301076,1909f56bfc062723c751e8b465ee728b)  -> (artifact id: 'ca58f1d456c6ca89575567e11e2ee0b4') in 0.028346 seconds 
========================================================================
Received Import Request.
  Time since last request: 2.444444 seconds.
  path: Assets/Prefabs/Guns/Shotgun.prefab
  artifactKey: Guid(350ff3e8371d64b1681c4f2aa87d9992) Importer(815301076,1909f56bfc062723c751e8b465ee728b)
Start importing Assets/Prefabs/Guns/Shotgun.prefab using Guid(350ff3e8371d64b1681c4f2aa87d9992) Importer(815301076,1909f56bfc062723c751e8b465ee728b)  -> (artifact id: '90f45dd9bee15cde00931f0cf6dff9bb') in 0.024822 seconds 
========================================================================
Received Import Request.
  Time since last request: 4.021666 seconds.
  path: Assets/Prefabs/Guns/Shotgun.prefab
  artifactKey: Guid(350ff3e8371d64b1681c4f2aa87d9992) Importer(815301076,1909f56bfc062723c751e8b465ee728b)
Start importing Assets/Prefabs/Guns/Shotgun.prefab using Guid(350ff3e8371d64b1681c4f2aa87d9992) Importer(815301076,1909f56bfc062723c751e8b465ee728b)  -> (artifact id: '57ea173c07c89366218cff6b9b8be74e') in 0.025244 seconds 
========================================================================
Received Import Request.
  Time since last request: 1.183757 seconds.
  path: Assets/Prefabs/Guns/Shotgun.prefab
  artifactKey: Guid(350ff3e8371d64b1681c4f2aa87d9992) Importer(815301076,1909f56bfc062723c751e8b465ee728b)
Start importing Assets/Prefabs/Guns/Shotgun.prefab using Guid(350ff3e8371d64b1681c4f2aa87d9992) Importer(815301076,1909f56bfc062723c751e8b465ee728b)  -> (artifact id: 'e03164e65e69f5234bb7d899ff87a8cf') in 0.027905 seconds 
========================================================================
Received Import Request.
  Time since last request: 29.222375 seconds.
  path: Assets/Prefabs/Guns/Shotgun.prefab
  artifactKey: Guid(350ff3e8371d64b1681c4f2aa87d9992) Importer(815301076,1909f56bfc062723c751e8b465ee728b)
Start importing Assets/Prefabs/Guns/Shotgun.prefab using Guid(350ff3e8371d64b1681c4f2aa87d9992) Importer(815301076,1909f56bfc062723c751e8b465ee728b)  -> (artifact id: '39407f4371463acb8bec0db8f726da78') in 0.026889 seconds 
========================================================================
Received Import Request.
  Time since last request: 2.088409 seconds.
  path: Assets/Prefabs/Guns/Shotgun.prefab
  artifactKey: Guid(350ff3e8371d64b1681c4f2aa87d9992) Importer(815301076,1909f56bfc062723c751e8b465ee728b)
Start importing Assets/Prefabs/Guns/Shotgun.prefab using Guid(350ff3e8371d64b1681c4f2aa87d9992) Importer(815301076,1909f56bfc062723c751e8b465ee728b)  -> (artifact id: '35584b7e0bf207df880795e7c2446cf9') in 0.022954 seconds 
========================================================================
Received Import Request.
  Time since last request: 1.911497 seconds.
  path: Assets/Prefabs/Guns/Shotgun.prefab
  artifactKey: Guid(350ff3e8371d64b1681c4f2aa87d9992) Importer(815301076,1909f56bfc062723c751e8b465ee728b)
Start importing Assets/Prefabs/Guns/Shotgun.prefab using Guid(350ff3e8371d64b1681c4f2aa87d9992) Importer(815301076,1909f56bfc062723c751e8b465ee728b)  -> (artifact id: '00e0499ad97195cf6537706917b226df') in 0.045982 seconds 
========================================================================
Received Import Request.
  Time since last request: 3.093426 seconds.
  path: Assets/Prefabs/Guns/Shotgun.prefab
  artifactKey: Guid(350ff3e8371d64b1681c4f2aa87d9992) Importer(815301076,1909f56bfc062723c751e8b465ee728b)
Start importing Assets/Prefabs/Guns/Shotgun.prefab using Guid(350ff3e8371d64b1681c4f2aa87d9992) Importer(815301076,1909f56bfc062723c751e8b465ee728b)  -> (artifact id: '369ce6dd538b58f94278065db00d4d54') in 0.026054 seconds 
========================================================================
Received Import Request.
  Time since last request: 4.336832 seconds.
  path: Assets/Prefabs/Guns/Shotgun.prefab
  artifactKey: Guid(350ff3e8371d64b1681c4f2aa87d9992) Importer(815301076,1909f56bfc062723c751e8b465ee728b)
Start importing Assets/Prefabs/Guns/Shotgun.prefab using Guid(350ff3e8371d64b1681c4f2aa87d9992) Importer(815301076,1909f56bfc062723c751e8b465ee728b)  -> (artifact id: '616e7e3ba7df0bdd1267478990509435') in 0.028956 seconds 
========================================================================
Received Import Request.
  Time since last request: 7.870070 seconds.
  path: Assets/Prefabs/Guns/Shotgun.prefab
  artifactKey: Guid(350ff3e8371d64b1681c4f2aa87d9992) Importer(815301076,1909f56bfc062723c751e8b465ee728b)
Start importing Assets/Prefabs/Guns/Shotgun.prefab using Guid(350ff3e8371d64b1681c4f2aa87d9992) Importer(815301076,1909f56bfc062723c751e8b465ee728b)  -> (artifact id: 'e026f9c7ab34125d19a159f3502225f8') in 0.030095 seconds 
========================================================================
Received Import Request.
  Time since last request: 5.030549 seconds.
  path: Assets/Prefabs/Guns/Shotgun.prefab
  artifactKey: Guid(350ff3e8371d64b1681c4f2aa87d9992) Importer(815301076,1909f56bfc062723c751e8b465ee728b)
Start importing Assets/Prefabs/Guns/Shotgun.prefab using Guid(350ff3e8371d64b1681c4f2aa87d9992) Importer(815301076,1909f56bfc062723c751e8b465ee728b)  -> (artifact id: '2c5cb12f00a1b69c2b6a10cf77ed08f8') in 0.027600 seconds 
========================================================================
Received Import Request.
  Time since last request: 5.033600 seconds.
  path: Assets/Prefabs/Guns/Shotgun.prefab
  artifactKey: Guid(350ff3e8371d64b1681c4f2aa87d9992) Importer(815301076,1909f56bfc062723c751e8b465ee728b)
Start importing Assets/Prefabs/Guns/Shotgun.prefab using Guid(350ff3e8371d64b1681c4f2aa87d9992) Importer(815301076,1909f56bfc062723c751e8b465ee728b)  -> (artifact id: '73f64ecea851f40e831131f8184bc7e3') in 0.026261 seconds 
========================================================================
Received Import Request.
  Time since last request: 3.212713 seconds.
  path: Assets/Prefabs/Guns/Shotgun.prefab
  artifactKey: Guid(350ff3e8371d64b1681c4f2aa87d9992) Importer(815301076,1909f56bfc062723c751e8b465ee728b)
Start importing Assets/Prefabs/Guns/Shotgun.prefab using Guid(350ff3e8371d64b1681c4f2aa87d9992) Importer(815301076,1909f56bfc062723c751e8b465ee728b)  -> (artifact id: '59bdb92344680cbd6162cb0f2da9c4c8') in 0.027039 seconds 
========================================================================
Received Prepare
Registering precompiled user dll's ...
Registered in 0.012087 seconds.
Begin MonoManager ReloadAssembly
Native extension for OSXStandalone target not found
Native extension for WebGL target not found
Refreshing native plugins compatible for Editor in 0.70 ms, found 2 plugins.
Preloading 0 native plugins for Editor in 0.00 ms.
2022-03-25 10:29:22.330 Unity[35739:1059140] NSEventModifierFlagFunction specified to -setKeyEquivalentModifierMask: for item <NSMenuItem: 0x60000270f1e0 Font Asset, ke='Command-F12'>, but is only supported for system-provided menu items; will not be used
Mono: successfully reloaded assembly
- Completed reload, in  2.368 seconds
Domain Reload Profiling:
	ReloadAssembly (2369ms)
		BeginReloadAssembly (312ms)
			ExecutionOrderSort (0ms)
			DisableScriptedObjects (12ms)
			BackupInstance (0ms)
			ReleaseScriptingObjects (0ms)
			CreateAndSetChildDomain (90ms)
		EndReloadAssembly (1932ms)
			LoadAssemblies (320ms)
			RebuildTransferFunctionScriptingTraits (0ms)
			SetupTypeCache (646ms)
			ReleaseScriptCaches (3ms)
			RebuildScriptCaches (94ms)
			SetupLoadedEditorAssemblies (733ms)
				LogAssemblyErrors (0ms)
				InitializePlatformSupportModulesInManaged (10ms)
				SetLoadedEditorAssemblies (2ms)
				RefreshPlugins (1ms)
				BeforeProcessingInitializeOnLoad (224ms)
				ProcessInitializeOnLoadAttributes (467ms)
				ProcessInitializeOnLoadMethodAttributes (24ms)
				AfterProcessingInitializeOnLoad (4ms)
				EditorAssembliesLoaded (1ms)
			ExecutionOrderSort2 (0ms)
			AwakeInstancesAfterBackupRestoration (17ms)
Platform modules already initialized, skipping
Refreshing native plugins compatible for Editor in 0.83 ms, found 2 plugins.
Preloading 0 native plugins for Editor in 0.00 ms.
Unloading 1546 Unused Serialized files (Serialized files now loaded: 0)
System memory in use before: 186.4 MB.
System memory in use after: 186.5 MB.

Unloading 11 unused Assets to reduce memory usage. Loaded Objects now: 2061.
Total: 6.477876 ms (FindLiveObjects: 0.672029 ms CreateObjectMapping: 0.340314 ms MarkObjects: 5.427629 ms  DeleteObjects: 0.035278 ms)

AssetImportParameters requested are different than current active one (requested -> active):
  custom:video-decoder-ogg-theora: a1e56fd34408186e4bbccfd4996cb3dc -> 
  custom:container-muxer-webm: aa71ff27fc2769a1b78a27578f13a17b -> 
  custom:container-demuxer-webm: 4f35f7cbe854078d1ac9338744f61a02 -> 
  custom:container-demuxer-ogg: 62fdf1f143b41e24485cea50d1cbac27 -> 
  custom:video-encoder-webm-vp8: eb34c28f22e8b96e1ab97ce403110664 -> 
  custom:framework-osx-AVFoundation: e770b220cccbd017edd2c1fefb359320 -> 
  custom:video-decoder-webm-vp8: 9c59270c3fd7afecdb556c50c9e8de78 -> 
  custom:audio-decoder-ogg-vorbis: bf7c407c2cedff20999df2af8eb42d56 -> 
  custom:audio-encoder-webm-vorbis: bf7c407c2cedff20999df2af8eb42d56 -> 
========================================================================
Received Prepare
Registering precompiled user dll's ...
Registered in 0.006659 seconds.
Begin MonoManager ReloadAssembly
Native extension for OSXStandalone target not found
Native extension for WebGL target not found
Refreshing native plugins compatible for Editor in 0.40 ms, found 2 plugins.
Preloading 0 native plugins for Editor in 0.00 ms.
2022-03-25 10:30:03.131 Unity[35739:1059140] NSEventModifierFlagFunction specified to -setKeyEquivalentModifierMask: for item <NSMenuItem: 0x600002727aa0 Font Asset, ke='Command-F12'>, but is only supported for system-provided menu items; will not be used
Mono: successfully reloaded assembly
- Completed reload, in  1.670 seconds
Domain Reload Profiling:
	ReloadAssembly (1670ms)
		BeginReloadAssembly (247ms)
			ExecutionOrderSort (0ms)
			DisableScriptedObjects (9ms)
			BackupInstance (0ms)
			ReleaseScriptingObjects (0ms)
			CreateAndSetChildDomain (67ms)
		EndReloadAssembly (1329ms)
			LoadAssemblies (247ms)
			RebuildTransferFunctionScriptingTraits (0ms)
			SetupTypeCache (458ms)
			ReleaseScriptCaches (1ms)
			RebuildScriptCaches (75ms)
			SetupLoadedEditorAssemblies (470ms)
				LogAssemblyErrors (0ms)
				InitializePlatformSupportModulesInManaged (8ms)
				SetLoadedEditorAssemblies (1ms)
				RefreshPlugins (0ms)
				BeforeProcessingInitializeOnLoad (158ms)
				ProcessInitializeOnLoadAttributes (284ms)
				ProcessInitializeOnLoadMethodAttributes (15ms)
				AfterProcessingInitializeOnLoad (2ms)
				EditorAssembliesLoaded (0ms)
			ExecutionOrderSort2 (0ms)
			AwakeInstancesAfterBackupRestoration (10ms)
Platform modules already initialized, skipping
Refreshing native plugins compatible for Editor in 0.48 ms, found 2 plugins.
Preloading 0 native plugins for Editor in 0.00 ms.
Unloading 1546 Unused Serialized files (Serialized files now loaded: 0)
System memory in use before: 186.6 MB.
System memory in use after: 186.8 MB.

Unloading 11 unused Assets to reduce memory usage. Loaded Objects now: 2063.
Total: 3.530674 ms (FindLiveObjects: 0.146981 ms CreateObjectMapping: 0.053466 ms MarkObjects: 3.302169 ms  DeleteObjects: 0.025962 ms)

AssetImportParameters requested are different than current active one (requested -> active):
  custom:video-decoder-ogg-theora: a1e56fd34408186e4bbccfd4996cb3dc -> 
  custom:container-muxer-webm: aa71ff27fc2769a1b78a27578f13a17b -> 
  custom:container-demuxer-webm: 4f35f7cbe854078d1ac9338744f61a02 -> 
  custom:container-demuxer-ogg: 62fdf1f143b41e24485cea50d1cbac27 -> 
  custom:video-encoder-webm-vp8: eb34c28f22e8b96e1ab97ce403110664 -> 
  custom:framework-osx-AVFoundation: e770b220cccbd017edd2c1fefb359320 -> 
  custom:video-decoder-webm-vp8: 9c59270c3fd7afecdb556c50c9e8de78 -> 
  custom:audio-decoder-ogg-vorbis: bf7c407c2cedff20999df2af8eb42d56 -> 
  custom:audio-encoder-webm-vorbis: bf7c407c2cedff20999df2af8eb42d56 -> 
========================================================================
Received Import Request.
  Time since last request: 210.825019 seconds.
  path: Assets/Materials/Ground.mat
  artifactKey: Guid(fdf64ae557aed4d67baa9463ae4754dc) Importer(815301076,1909f56bfc062723c751e8b465ee728b)
Start importing Assets/Materials/Ground.mat using Guid(fdf64ae557aed4d67baa9463ae4754dc) Importer(815301076,1909f56bfc062723c751e8b465ee728b)  -> (artifact id: 'f7db2a4d7ef4d9f9110a0440c1b906b9') in 0.284705 seconds 
========================================================================
Received Import Request.
  Time since last request: 7.371646 seconds.
  path: Assets/Art/Materials
  artifactKey: Guid(71fc4b71cd9414b9a8f4c7919ab5c8d9) Importer(815301076,1909f56bfc062723c751e8b465ee728b)
Start importing Assets/Art/Materials using Guid(71fc4b71cd9414b9a8f4c7919ab5c8d9) Importer(815301076,1909f56bfc062723c751e8b465ee728b)  -> (artifact id: '5dc0697fc1e98a12d4a3d807b6b26199') in 0.003796 seconds 
========================================================================
Received Import Request.
  Time since last request: 0.079512 seconds.
  path: Assets/Art/Materials/cross_whole.mat
  artifactKey: Guid(09d5fc69a501f445e9c8ce96f4feeb6f) Importer(815301076,1909f56bfc062723c751e8b465ee728b)
Start importing Assets/Art/Materials/cross_whole.mat using Guid(09d5fc69a501f445e9c8ce96f4feeb6f) Importer(815301076,1909f56bfc062723c751e8b465ee728b)  -> (artifact id: '6bf4ebb829b06ba1d8fb73b4bc2a5def') in 0.020847 seconds 
========================================================================
Received Import Request.
  Time since last request: 52.260879 seconds.
  path: Assets/Prefabs/Obstacle.prefab
  artifactKey: Guid(2507338674cf9470abf7fbb7872fac2d) Importer(815301076,1909f56bfc062723c751e8b465ee728b)
Start importing Assets/Prefabs/Obstacle.prefab using Guid(2507338674cf9470abf7fbb7872fac2d) Importer(815301076,1909f56bfc062723c751e8b465ee728b)  -> (artifact id: '1c40affdb2e36e2249e444f0b6f4729f') in 0.068317 seconds 
========================================================================
Received Import Request.
  Time since last request: 213.328068 seconds.
  path: Assets/Prefabs/NavmeshMaskPrefab.prefab
  artifactKey: Guid(8d94aadfdfa7d4190b3598775b189e59) Importer(815301076,1909f56bfc062723c751e8b465ee728b)
Start importing Assets/Prefabs/NavmeshMaskPrefab.prefab using Guid(8d94aadfdfa7d4190b3598775b189e59) Importer(815301076,1909f56bfc062723c751e8b465ee728b)  -> (artifact id: 'd53ec00c25693857fc4322190e719b7e') in 0.018462 seconds 
========================================================================
Received Prepare
Registering precompiled user dll's ...
Registered in 0.004707 seconds.
Begin MonoManager ReloadAssembly
Native extension for OSXStandalone target not found
Native extension for WebGL target not found
Refreshing native plugins compatible for Editor in 0.52 ms, found 2 plugins.
Preloading 0 native plugins for Editor in 0.00 ms.
2022-03-25 10:35:42.362 Unity[35739:1059140] NSEventModifierFlagFunction specified to -setKeyEquivalentModifierMask: for item <NSMenuItem: 0x600002704770 Font Asset, ke='Command-F12'>, but is only supported for system-provided menu items; will not be used
Mono: successfully reloaded assembly
- Completed reload, in  1.895 seconds
Domain Reload Profiling:
	ReloadAssembly (1896ms)
		BeginReloadAssembly (326ms)
			ExecutionOrderSort (0ms)
			DisableScriptedObjects (10ms)
			BackupInstance (0ms)
			ReleaseScriptingObjects (0ms)
			CreateAndSetChildDomain (123ms)
		EndReloadAssembly (1441ms)
			LoadAssemblies (275ms)
			RebuildTransferFunctionScriptingTraits (0ms)
			SetupTypeCache (497ms)
			ReleaseScriptCaches (1ms)
			RebuildScriptCaches (70ms)
			SetupLoadedEditorAssemblies (517ms)
				LogAssemblyErrors (0ms)
				InitializePlatformSupportModulesInManaged (8ms)
				SetLoadedEditorAssemblies (1ms)
				RefreshPlugins (1ms)
				BeforeProcessingInitializeOnLoad (188ms)
				ProcessInitializeOnLoadAttributes (301ms)
				ProcessInitializeOnLoadMethodAttributes (16ms)
				AfterProcessingInitializeOnLoad (2ms)
				EditorAssembliesLoaded (0ms)
			ExecutionOrderSort2 (0ms)
			AwakeInstancesAfterBackupRestoration (11ms)
Platform modules already initialized, skipping
Refreshing native plugins compatible for Editor in 0.76 ms, found 2 plugins.
Preloading 0 native plugins for Editor in 0.00 ms.
Unloading 1546 Unused Serialized files (Serialized files now loaded: 0)
System memory in use before: 191.1 MB.
System memory in use after: 191.2 MB.

Unloading 11 unused Assets to reduce memory usage. Loaded Objects now: 2099.
Total: 4.267352 ms (FindLiveObjects: 0.160941 ms CreateObjectMapping: 0.099245 ms MarkObjects: 3.979113 ms  DeleteObjects: 0.026923 ms)

AssetImportParameters requested are different than current active one (requested -> active):
  custom:video-decoder-ogg-theora: a1e56fd34408186e4bbccfd4996cb3dc -> 
  custom:container-muxer-webm: aa71ff27fc2769a1b78a27578f13a17b -> 
  custom:container-demuxer-webm: 4f35f7cbe854078d1ac9338744f61a02 -> 
  custom:container-demuxer-ogg: 62fdf1f143b41e24485cea50d1cbac27 -> 
  custom:video-encoder-webm-vp8: eb34c28f22e8b96e1ab97ce403110664 -> 
  custom:framework-osx-AVFoundation: e770b220cccbd017edd2c1fefb359320 -> 
  custom:video-decoder-webm-vp8: 9c59270c3fd7afecdb556c50c9e8de78 -> 
  custom:audio-decoder-ogg-vorbis: bf7c407c2cedff20999df2af8eb42d56 -> 
  custom:audio-encoder-webm-vorbis: bf7c407c2cedff20999df2af8eb42d56 -> 
========================================================================
Received Prepare
Registering precompiled user dll's ...
Registered in 0.002986 seconds.
Begin MonoManager ReloadAssembly
Native extension for OSXStandalone target not found
Native extension for WebGL target not found
Refreshing native plugins compatible for Editor in 0.38 ms, found 2 plugins.
Preloading 0 native plugins for Editor in 0.00 ms.
2022-03-25 10:37:15.048 Unity[35739:1059140] NSEventModifierFlagFunction specified to -setKeyEquivalentModifierMask: for item <NSMenuItem: 0x6000027335d0 Font Asset, ke='Command-F12'>, but is only supported for system-provided menu items; will not be used
Mono: successfully reloaded assembly
- Completed reload, in  1.601 seconds
Domain Reload Profiling:
	ReloadAssembly (1603ms)
		BeginReloadAssembly (196ms)
			ExecutionOrderSort (0ms)
			DisableScriptedObjects (9ms)
			BackupInstance (0ms)
			ReleaseScriptingObjects (0ms)
			CreateAndSetChildDomain (62ms)
		EndReloadAssembly (1309ms)
			LoadAssemblies (170ms)
			RebuildTransferFunctionScriptingTraits (0ms)
			SetupTypeCache (460ms)
			ReleaseScriptCaches (1ms)
			RebuildScriptCaches (69ms)
			SetupLoadedEditorAssemblies (466ms)
				LogAssemblyErrors (0ms)
				InitializePlatformSupportModulesInManaged (8ms)
				SetLoadedEditorAssemblies (1ms)
				RefreshPlugins (0ms)
				BeforeProcessingInitializeOnLoad (156ms)
				ProcessInitializeOnLoadAttributes (285ms)
				ProcessInitializeOnLoadMethodAttributes (14ms)
				AfterProcessingInitializeOnLoad (2ms)
				EditorAssembliesLoaded (0ms)
			ExecutionOrderSort2 (0ms)
			AwakeInstancesAfterBackupRestoration (10ms)
Platform modules already initialized, skipping
Refreshing native plugins compatible for Editor in 0.57 ms, found 2 plugins.
Preloading 0 native plugins for Editor in 0.00 ms.
Unloading 1546 Unused Serialized files (Serialized files now loaded: 0)
System memory in use before: 191.4 MB.
System memory in use after: 191.5 MB.

Unloading 11 unused Assets to reduce memory usage. Loaded Objects now: 2101.
Total: 3.572452 ms (FindLiveObjects: 0.177404 ms CreateObjectMapping: 0.059275 ms MarkObjects: 3.307786 ms  DeleteObjects: 0.027021 ms)

AssetImportParameters requested are different than current active one (requested -> active):
  custom:video-decoder-ogg-theora: a1e56fd34408186e4bbccfd4996cb3dc -> 
  custom:container-muxer-webm: aa71ff27fc2769a1b78a27578f13a17b -> 
  custom:container-demuxer-webm: 4f35f7cbe854078d1ac9338744f61a02 -> 
  custom:container-demuxer-ogg: 62fdf1f143b41e24485cea50d1cbac27 -> 
  custom:video-encoder-webm-vp8: eb34c28f22e8b96e1ab97ce403110664 -> 
  custom:framework-osx-AVFoundation: e770b220cccbd017edd2c1fefb359320 -> 
  custom:video-decoder-webm-vp8: 9c59270c3fd7afecdb556c50c9e8de78 -> 
  custom:audio-decoder-ogg-vorbis: bf7c407c2cedff20999df2af8eb42d56 -> 
  custom:audio-encoder-webm-vorbis: bf7c407c2cedff20999df2af8eb42d56 -> 
========================================================================
Received Import Request.
  Time since last request: 136.131714 seconds.
  path: Assets/Prefabs/Bullet 1.prefab
  artifactKey: Guid(27e0e3cf1b1de4bf9a206fab1344e91d) Importer(815301076,1909f56bfc062723c751e8b465ee728b)
Start importing Assets/Prefabs/Bullet 1.prefab using Guid(27e0e3cf1b1de4bf9a206fab1344e91d) Importer(815301076,1909f56bfc062723c751e8b465ee728b)  -> (artifact id: '6e8762deff4ad31cec926e9a8f95a54a') in 0.106190 seconds 
========================================================================
Received Import Request.
  Time since last request: 0.564839 seconds.
  path: Assets/Prefabs/Shell.prefab
  artifactKey: Guid(27e0e3cf1b1de4bf9a206fab1344e91d) Importer(815301076,1909f56bfc062723c751e8b465ee728b)
Start importing Assets/Prefabs/Shell.prefab using Guid(27e0e3cf1b1de4bf9a206fab1344e91d) Importer(815301076,1909f56bfc062723c751e8b465ee728b)  -> (artifact id: '674a0c468b1daedcecc512d1afde6da9') in 0.025550 seconds 
========================================================================
Received Import Request.
  Time since last request: 8.440655 seconds.
  path: Assets/Prefabs/Shell.prefab
  artifactKey: Guid(27e0e3cf1b1de4bf9a206fab1344e91d) Importer(815301076,1909f56bfc062723c751e8b465ee728b)
Start importing Assets/Prefabs/Shell.prefab using Guid(27e0e3cf1b1de4bf9a206fab1344e91d) Importer(815301076,1909f56bfc062723c751e8b465ee728b)  -> (artifact id: '737216dda6a8c2aba7a4f0f4487637f7') in 0.032695 seconds 
AssetImportWorkerClient::OnTransportError - code=2 error=End of file
